Performing C SOURCE FILE Test CMAKE_HAVE_LIBC_PTHREAD failed with the following output:
Change Dir: /home/server/MaJing/paper_reading/Courses/CalTechCS179/Lab1/lab1/build/CMakeFiles/CMakeTmp

Run Build Command(s):/usr/bin/ninja cmTC_65e1a && [1/2] Building C object CMakeFiles/cmTC_65e1a.dir/src.c.o
[2/2] Linking C executable cmTC_65e1a
FAILED: cmTC_65e1a 
: && /bin/gcc-7 -fPIC -DCMAKE_HAVE_LIBC_PTHREAD  -rdynamic CMakeFiles/cmTC_65e1a.dir/src.c.o  -o cmTC_65e1a   && :
/usr/bin/ld: CMakeFiles/cmTC_65e1a.dir/src.c.o: in function `main':
src.c:(.text+0x3e): undefined reference to `pthread_create'
/usr/bin/ld: src.c:(.text+0x4a): undefined reference to `pthread_detach'
/usr/bin/ld: src.c:(.text+0x5b): undefined reference to `pthread_join'
collect2: error: ld returned 1 exit status
ninja: build stopped: subcommand failed.


Source file was:
#include <pthread.h>

void* test_func(void* data)
{
  return data;
}

int main(void)
{
  pthread_t thread;
  pthread_create(&thread, NULL, test_func, NULL);
  pthread_detach(thread);
  pthread_join(thread, NULL);
  pthread_atfork(NULL, NULL, NULL);
  pthread_exit(NULL);

  return 0;
}

Determining if the function pthread_create exists in the pthreads failed with the following output:
Change Dir: /home/server/MaJing/paper_reading/Courses/CalTechCS179/Lab1/lab1/build/CMakeFiles/CMakeTmp

Run Build Command(s):/usr/bin/ninja cmTC_22df3 && [1/2] Building C object CMakeFiles/cmTC_22df3.dir/CheckFunctionExists.c.o
[2/2] Linking C executable cmTC_22df3
FAILED: cmTC_22df3 
: && /bin/gcc-7 -fPIC -DCHECK_FUNCTION_EXISTS=pthread_create  -rdynamic CMakeFiles/cmTC_22df3.dir/CheckFunctionExists.c.o  -o cmTC_22df3  -lpthreads && :
/usr/bin/ld: 找不到 -lpthreads
collect2: error: ld returned 1 exit status
ninja: build stopped: subcommand failed.



